<?xml version="1.0" encoding="UTF-8"?>

<web-app>

  <!-- Cactus Unit Test Servlet Redirector -->
  <servlet>
      <servlet-name>ServletRedirector</servlet-name>
      <servlet-class>org.apache.cactus.server.ServletTestRedirector</servlet-class>
  </servlet>
  <servlet-mapping>
      <servlet-name>ServletRedirector</servlet-name>
      <url-pattern>/ServletRedirector</url-pattern>
  </servlet-mapping>


  <!-- Flash Remoting GatekeeperFilter -->
	<filter>
		<filter-name>GatekeeperFilter</filter-name>
		<filter-class>com.carbonfive.flashgateway.security.GatekeeperFilter</filter-class>
		<init-param>
			<param-name>config-file</param-name>
			<param-value>flashgatekeeper.xml</param-value>
		</init-param>
	</filter>

	<filter-mapping>
		<filter-name>GatekeeperFilter</filter-name>
			<url-pattern>/flashgateway</url-pattern>
	</filter-mapping>
  
</web-app>
